0 info it worked if it ends with ok
1 verbose cli [ 'C:\\Program Files\\nodejs\\node.exe',
1 verbose cli   'C:\\Program Files\\nodejs\\node_modules\\npm\\bin\\npm-cli.js',
1 verbose cli   'start' ]
2 info using npm@3.10.10
3 info using node@v7.3.0
4 verbose run-script [ 'prestart', 'start', 'poststart' ]
5 info lifecycle testbot@1.0.0~prestart: testbot@1.0.0
6 silly lifecycle testbot@1.0.0~prestart: no script for prestart, continuing
7 info lifecycle testbot@1.0.0~start: testbot@1.0.0
8 verbose lifecycle testbot@1.0.0~start: unsafe-perm in lifecycle true
9 verbose lifecycle testbot@1.0.0~start: PATH: C:\Program Files\nodejs\node_modules\npm\bin\node-gyp-bin;D:\Matt\Documents\My Dropbox\My Dropbox\Matt\Projects\20161229 Messenger Chat Bot\20161229 Two\testbot\node_modules\.bin;C:\Users\Matt\AppData\Local\GitHub\PortableGit_d7effa1a4a322478cd29c826b52a0c118ad3db11\cmd;C:\Users\Matt\AppData\Local\GitHub\PortableGit_d7effa1a4a322478cd29c826b52a0c118ad3db11\usr\bin;C:\Users\Matt\AppData\Local\GitHub\PortableGit_d7effa1a4a322478cd29c826b52a0c118ad3db11\usr\share\git-tfs;C:\Users\Matt\AppData\Local\Apps\2.0\BA2Q24D9.H81\MBRG0Z55.QJ9\gith..tion_317444273a93ac29_0003.0003_665ccbdbd3c2d8d4;C:\Users\Matt\AppData\Local\GitHub\lfs-x86_1.3.1;C:\Users\Matt\AppData\Local\Apps\2.0\BA2Q24D9.H81\MBRG0Z55.QJ9\gith..tion_317444273a93ac29_0003.0003_665ccbdbd3c2d8d4\NativeBinaries\x86;C:\WINDOWS\system32;C:\WINDOWS;C:\WINDOWS\System32\Wbem;C:\WINDOWS\System32\WindowsPowerShell\v1.0\;D:\Matt\Documents\_mobileDev\Android\android-sdks\platform-tools\;D:\Matt\Documents\_mobileDev\Android\android-sdks\tools\;D:\Matt\Documents\_mobileDev\Android\apache-ant-1.9.0-bin\apache-ant-1.9.0\bin\;C:\Program Files\Java\jdk1.7.0_17\bin\;C:\Program Files\QuickTime\QTSystem\;C:\Program Files\Skype\Phone\;C:\Program Files\nodejs\;C:\Program Files\Brackets\command;C:\Program Files\Heroku\bin;C:\Users\Matt\AppData\Roaming\npm;C:\Windows\Microsoft.NET\Framework\v4.0.30319\
10 verbose lifecycle testbot@1.0.0~start: CWD: D:\Matt\Documents\My Dropbox\My Dropbox\Matt\Projects\20161229 Messenger Chat Bot\20161229 Two\testbot
11 silly lifecycle testbot@1.0.0~start: Args: [ '/d /s /c', 'node index.js' ]
12 silly lifecycle testbot@1.0.0~start: Returned: code: 3221225786  signal: null
13 info lifecycle testbot@1.0.0~start: Failed to exec start script
14 verbose stack Error: testbot@1.0.0 start: `node index.js`
14 verbose stack Exit status 3221225786
14 verbose stack     at EventEmitter.<anonymous> (C:\Program Files\nodejs\node_modules\npm\lib\utils\lifecycle.js:255:16)
14 verbose stack     at emitTwo (events.js:106:13)
14 verbose stack     at EventEmitter.emit (events.js:191:7)
14 verbose stack     at ChildProcess.<anonymous> (C:\Program Files\nodejs\node_modules\npm\lib\utils\spawn.js:40:14)
14 verbose stack     at emitTwo (events.js:106:13)
14 verbose stack     at ChildProcess.emit (events.js:191:7)
14 verbose stack     at maybeClose (internal/child_process.js:885:16)
14 verbose stack     at Process.ChildProcess._handle.onexit (internal/child_process.js:226:5)
15 verbose pkgid testbot@1.0.0
16 verbose cwd D:\Matt\Documents\My Dropbox\My Dropbox\Matt\Projects\20161229 Messenger Chat Bot\20161229 Two\testbot
17 error Windows_NT 10.0.10586
18 error argv "C:\\Program Files\\nodejs\\node.exe" "C:\\Program Files\\nodejs\\node_modules\\npm\\bin\\npm-cli.js" "start"
19 error node v7.3.0
20 error npm  v3.10.10
21 error code ELIFECYCLE
22 error testbot@1.0.0 start: `node index.js`
22 error Exit status 3221225786
23 error Failed at the testbot@1.0.0 start script 'node index.js'.
23 error Make sure you have the latest version of node.js and npm installed.
23 error If you do, this is most likely a problem with the testbot package,
23 error not with npm itself.
23 error Tell the author that this fails on your system:
23 error     node index.js
23 error You can get information on how to open an issue for this project with:
23 error     npm bugs testbot
23 error Or if that isn't available, you can get their info via:
23 error     npm owner ls testbot
23 error There is likely additional logging output above.
24 verbose exit [ 1, true ]
